INFO - Settings Submitted | CG: Hunter CC: Hunter
INFO - INI WRITE BEGIN | Hunter
INFO - INI WRITE END | Hunter
INFO - Setting fireteam privacy to closed
INFO - Changing character | Slot Top
SUCCESS - Launched the landing from orbit
INFO - Successfully loaded into the Landing - minimap detected
INFO - Running into pavilion to force chest 21
SUCCESS - Found Chest 21
SUCCESS - Looted chest 21
INFO - Chest 18 located
SUCCESS - Looted chest 18
INFO - Successfully loaded into the Landing - minimap detected
INFO - Running into pavilion to force chest 21
SUCCESS - Found Chest 21
SUCCESS - Looted chest 21
INFO - Chest 18 located
SUCCESS - Looted chest 18
INFO - Successfully loaded into the Landing - minimap detected
INFO - Running into pavilion to force chest 21
SUCCESS - Found Chest 21
SUCCESS - Looted chest 21
INFO - Chest 18 located
SUCCESS - Looted chest 18
INFO - Successfully loaded into the Landing - minimap detected
INFO - Running into pavilion to force chest 21
SUCCESS - Found Chest 21
SUCCESS - Looted chest 21
INFO - Chest 19 located
SUCCESS - Looted chest 19
INFO - Successfully loaded into the Landing - minimap detected
INFO - Running into pavilion to force chest 21
SUCCESS - Found Chest 21
SUCCESS - Looted chest 21
INFO - Chest 18 located
SUCCESS - Looted chest 18
INFO - Successfully loaded into the Landing - minimap detected
INFO - Running into pavilion to force chest 21
SUCCESS - Found Chest 21
SUCCESS - Looted chest 21
INFO - No chests found | Defaulting to Chest 16
SUCCESS - Looted chest 16
INFO - Successfully loaded into the Landing - minimap detected
INFO - Running into pavilion to force chest 21
SUCCESS - Found Chest 21
SUCCESS - Looted chest 21
INFO - Chest 18 located
SUCCESS - Looted chest 18
INFO - Successfully loaded into the Landing - minimap detected
INFO - Running into pavilion to force chest 21
SUCCESS - Found Chest 21
SUCCESS - Looted chest 21
INFO - Chest 20 located
SUCCESS - Looted chest 20
INFO - Successfully loaded into the Landing - minimap detected
INFO - Running into pavilion to force chest 21
